ERROR - 2025-12-08 20:35:46 --> Error connecting to the database: Unknown database 'wilmarcs'
CRITICAL - 2025-12-08 20:35:46 --> Unable to connect to the database.
Main connection [MySQLi]: Unknown database 'wilmarcs'
#0 D:\wamp64\www\wilmarcs\manage\system\Database\BaseConnection.php(625): CodeIgniter\Database\BaseConnection->initialize()
#1 D:\wamp64\www\wilmarcs\manage\system\Database\BaseBuilder.php(2049): CodeIgniter\Database\BaseConnection->query('SELECT *\nFROM `...', Array, false)
#2 D:\wamp64\www\wilmarcs\manage\app\Controllers\Manage.php(23): CodeIgniter\Database\BaseBuilder->getWhere(Array)
#3 D:\wamp64\www\wilmarcs\manage\system\CodeIgniter.php(928): App\Controllers\Manage->index()
#4 D:\wamp64\www\wilmarcs\manage\system\CodeIgniter.php(436): CodeIgniter\CodeIgniter->runController(Object(App\Controllers\Manage))
#5 D:\wamp64\www\wilmarcs\manage\system\CodeIgniter.php(336): CodeIgniter\CodeIgniter->handleRequest(NULL, Object(Config\Cache), false)
#6 D:\wamp64\www\wilmarcs\manage\index.php(37): CodeIgniter\CodeIgniter->run()
#7 {main}
ERROR - 2025-12-08 21:13:10 --> Unknown column 'sorder' in 'order clause'
CRITICAL - 2025-12-08 21:13:10 --> Call to a member function getResult() on bool
#0 D:\wamp64\www\wilmarcs\manage\system\CodeIgniter.php(928): App\Controllers\Backend\services->index()
#1 D:\wamp64\www\wilmarcs\manage\system\CodeIgniter.php(436): CodeIgniter\CodeIgniter->runController(Object(App\Controllers\Backend\services))
#2 D:\wamp64\www\wilmarcs\manage\system\CodeIgniter.php(336): CodeIgniter\CodeIgniter->handleRequest(NULL, Object(Config\Cache), false)
#3 D:\wamp64\www\wilmarcs\manage\index.php(37): CodeIgniter\CodeIgniter->run()
#4 {main}
ERROR - 2025-12-08 21:14:24 --> Unknown column 'sorder' in 'order clause'
CRITICAL - 2025-12-08 21:14:24 --> Call to a member function getResult() on bool
#0 D:\wamp64\www\wilmarcs\manage\system\CodeIgniter.php(928): App\Controllers\Backend\services->index()
#1 D:\wamp64\www\wilmarcs\manage\system\CodeIgniter.php(436): CodeIgniter\CodeIgniter->runController(Object(App\Controllers\Backend\services))
#2 D:\wamp64\www\wilmarcs\manage\system\CodeIgniter.php(336): CodeIgniter\CodeIgniter->handleRequest(NULL, Object(Config\Cache), false)
#3 D:\wamp64\www\wilmarcs\manage\index.php(37): CodeIgniter\CodeIgniter->run()
#4 {main}
