ERROR - 2025-12-09 20:42:37 --> Unknown column 'corder' in 'order clause'
CRITICAL - 2025-12-09 20:42:37 --> Call to a member function getResult() on bool
#0 D:\wamp64\www\wilmarcs\manage\system\CodeIgniter.php(928): App\Controllers\Backend\Content->index()
#1 D:\wamp64\www\wilmarcs\manage\system\CodeIgniter.php(436): CodeIgniter\CodeIgniter->runController(Object(App\Controllers\Backend\Content))
#2 D:\wamp64\www\wilmarcs\manage\system\CodeIgniter.php(336): CodeIgniter\CodeIgniter->handleRequest(NULL, Object(Config\Cache), false)
#3 D:\wamp64\www\wilmarcs\manage\index.php(37): CodeIgniter\CodeIgniter->run()
#4 {main}
ERROR - 2025-12-09 20:43:37 --> Unknown column 'portfolio.fksid' in 'on clause'
CRITICAL - 2025-12-09 20:43:37 --> Call to a member function getResult() on bool
#0 D:\wamp64\www\wilmarcs\manage\system\CodeIgniter.php(928): App\Controllers\Backend\Portfolio->index()
#1 D:\wamp64\www\wilmarcs\manage\system\CodeIgniter.php(436): CodeIgniter\CodeIgniter->runController(Object(App\Controllers\Backend\Portfolio))
#2 D:\wamp64\www\wilmarcs\manage\system\CodeIgniter.php(336): CodeIgniter\CodeIgniter->handleRequest(NULL, Object(Config\Cache), false)
#3 D:\wamp64\www\wilmarcs\manage\index.php(37): CodeIgniter\CodeIgniter->run()
#4 {main}
CRITICAL - 2025-12-09 20:54:10 --> Undefined property: App\Controllers\Backend\Category::$index
#0 D:\wamp64\www\wilmarcs\manage\app\Controllers\backend\Category.php(22): CodeIgniter\Debug\Exceptions->errorHandler(2, 'Undefined prope...', 'D:\\wamp64\\www\\w...', 22)
#1 D:\wamp64\www\wilmarcs\manage\system\CodeIgniter.php(928): App\Controllers\Backend\Category->index('services')
#2 D:\wamp64\www\wilmarcs\manage\system\CodeIgniter.php(436): CodeIgniter\CodeIgniter->runController(Object(App\Controllers\Backend\Category))
#3 D:\wamp64\www\wilmarcs\manage\system\CodeIgniter.php(336): CodeIgniter\CodeIgniter->handleRequest(NULL, Object(Config\Cache), false)
#4 D:\wamp64\www\wilmarcs\manage\index.php(37): CodeIgniter\CodeIgniter->run()
#5 {main}
CRITICAL - 2025-12-09 22:00:31 --> Undefined array key ""
#0 D:\wamp64\www\wilmarcs\manage\app\Controllers\backend\Category.php(24): CodeIgniter\Debug\Exceptions->errorHandler(2, 'Undefined array...', 'D:\\wamp64\\www\\w...', 24)
#1 D:\wamp64\www\wilmarcs\manage\system\CodeIgniter.php(928): App\Controllers\Backend\Category->index()
#2 D:\wamp64\www\wilmarcs\manage\system\CodeIgniter.php(436): CodeIgniter\CodeIgniter->runController(Object(App\Controllers\Backend\Category))
#3 D:\wamp64\www\wilmarcs\manage\system\CodeIgniter.php(336): CodeIgniter\CodeIgniter->handleRequest(NULL, Object(Config\Cache), false)
#4 D:\wamp64\www\wilmarcs\manage\index.php(37): CodeIgniter\CodeIgniter->run()
#5 {main}
CRITICAL - 2025-12-09 22:03:25 --> Undefined array key 2
#0 D:\wamp64\www\wilmarcs\manage\app\Controllers\backend\Category.php(24): CodeIgniter\Debug\Exceptions->errorHandler(2, 'Undefined array...', 'D:\\wamp64\\www\\w...', 24)
#1 D:\wamp64\www\wilmarcs\manage\system\CodeIgniter.php(928): App\Controllers\Backend\Category->index('2')
#2 D:\wamp64\www\wilmarcs\manage\system\CodeIgniter.php(436): CodeIgniter\CodeIgniter->runController(Object(App\Controllers\Backend\Category))
#3 D:\wamp64\www\wilmarcs\manage\system\CodeIgniter.php(336): CodeIgniter\CodeIgniter->handleRequest(NULL, Object(Config\Cache), false)
#4 D:\wamp64\www\wilmarcs\manage\index.php(37): CodeIgniter\CodeIgniter->run()
#5 {main}
CRITICAL - 2025-12-09 22:06:24 --> Undefined variable $slug
#0 D:\wamp64\www\wilmarcs\manage\app\Views\admin\category\list.php(6): CodeIgniter\Debug\Exceptions->errorHandler(2, 'Undefined varia...', 'D:\\wamp64\\www\\w...', 6)
#1 D:\wamp64\www\wilmarcs\manage\system\View\View.php(230): include('D:\\wamp64\\www\\w...')
#2 D:\wamp64\www\wilmarcs\manage\system\View\View.php(232): CodeIgniter\View\View->CodeIgniter\View\{closure}()
#3 D:\wamp64\www\wilmarcs\manage\system\Common.php(1271): CodeIgniter\View\View->render('admin/category/...', Array, true)
#4 D:\wamp64\www\wilmarcs\manage\app\Controllers\backend\Category.php(25): view('admin/category/...', Array)
#5 D:\wamp64\www\wilmarcs\manage\system\CodeIgniter.php(928): App\Controllers\Backend\Category->index('services')
#6 D:\wamp64\www\wilmarcs\manage\system\CodeIgniter.php(436): CodeIgniter\CodeIgniter->runController(Object(App\Controllers\Backend\Category))
#7 D:\wamp64\www\wilmarcs\manage\system\CodeIgniter.php(336): CodeIgniter\CodeIgniter->handleRequest(NULL, Object(Config\Cache), false)
#8 D:\wamp64\www\wilmarcs\manage\index.php(37): CodeIgniter\CodeIgniter->run()
#9 {main}
CRITICAL - 2025-12-09 22:06:51 --> Undefined variable $slug
#0 D:\wamp64\www\wilmarcs\manage\app\Views\admin\category\add.php(4): CodeIgniter\Debug\Exceptions->errorHandler(2, 'Undefined varia...', 'D:\\wamp64\\www\\w...', 4)
#1 D:\wamp64\www\wilmarcs\manage\system\View\View.php(230): include('D:\\wamp64\\www\\w...')
#2 D:\wamp64\www\wilmarcs\manage\system\View\View.php(232): CodeIgniter\View\View->CodeIgniter\View\{closure}()
#3 D:\wamp64\www\wilmarcs\manage\system\Common.php(1271): CodeIgniter\View\View->render('admin/category/...', Array, true)
#4 D:\wamp64\www\wilmarcs\manage\app\Controllers\backend\Category.php(53): view('admin/category/...', Array)
#5 D:\wamp64\www\wilmarcs\manage\system\CodeIgniter.php(928): App\Controllers\Backend\Category->add('services')
#6 D:\wamp64\www\wilmarcs\manage\system\CodeIgniter.php(436): CodeIgniter\CodeIgniter->runController(Object(App\Controllers\Backend\Category))
#7 D:\wamp64\www\wilmarcs\manage\system\CodeIgniter.php(336): CodeIgniter\CodeIgniter->handleRequest(NULL, Object(Config\Cache), false)
#8 D:\wamp64\www\wilmarcs\manage\index.php(37): CodeIgniter\CodeIgniter->run()
#9 {main}
CRITICAL - 2025-12-09 22:07:08 --> Undefined variable $slug
#0 D:\wamp64\www\wilmarcs\manage\app\Views\admin\category\add.php(4): CodeIgniter\Debug\Exceptions->errorHandler(2, 'Undefined varia...', 'D:\\wamp64\\www\\w...', 4)
#1 D:\wamp64\www\wilmarcs\manage\system\View\View.php(230): include('D:\\wamp64\\www\\w...')
#2 D:\wamp64\www\wilmarcs\manage\system\View\View.php(232): CodeIgniter\View\View->CodeIgniter\View\{closure}()
#3 D:\wamp64\www\wilmarcs\manage\system\Common.php(1271): CodeIgniter\View\View->render('admin/category/...', Array, true)
#4 D:\wamp64\www\wilmarcs\manage\app\Controllers\backend\Category.php(53): view('admin/category/...', Array)
#5 D:\wamp64\www\wilmarcs\manage\system\CodeIgniter.php(928): App\Controllers\Backend\Category->add('services')
#6 D:\wamp64\www\wilmarcs\manage\system\CodeIgniter.php(436): CodeIgniter\CodeIgniter->runController(Object(App\Controllers\Backend\Category))
#7 D:\wamp64\www\wilmarcs\manage\system\CodeIgniter.php(336): CodeIgniter\CodeIgniter->handleRequest(NULL, Object(Config\Cache), false)
#8 D:\wamp64\www\wilmarcs\manage\index.php(37): CodeIgniter\CodeIgniter->run()
#9 {main}
CRITICAL - 2025-12-09 22:14:09 --> Call to undefined function App\Controllers\Backend\getTags()
#0 D:\wamp64\www\wilmarcs\manage\system\CodeIgniter.php(928): App\Controllers\Backend\Services->add()
#1 D:\wamp64\www\wilmarcs\manage\system\CodeIgniter.php(436): CodeIgniter\CodeIgniter->runController(Object(App\Controllers\Backend\Services))
#2 D:\wamp64\www\wilmarcs\manage\system\CodeIgniter.php(336): CodeIgniter\CodeIgniter->handleRequest(NULL, Object(Config\Cache), false)
#3 D:\wamp64\www\wilmarcs\manage\index.php(37): CodeIgniter\CodeIgniter->run()
#4 {main}
ERROR - 2025-12-09 22:14:38 --> Unknown column 'stags' in 'field list'
CRITICAL - 2025-12-09 22:14:38 --> Call to a member function getResult() on bool
#0 D:\wamp64\www\wilmarcs\manage\app\Controllers\backend\Services.php(31): getTags('services', 'stags', 'sid')
#1 D:\wamp64\www\wilmarcs\manage\system\CodeIgniter.php(928): App\Controllers\Backend\Services->add()
#2 D:\wamp64\www\wilmarcs\manage\system\CodeIgniter.php(436): CodeIgniter\CodeIgniter->runController(Object(App\Controllers\Backend\Services))
#3 D:\wamp64\www\wilmarcs\manage\system\CodeIgniter.php(336): CodeIgniter\CodeIgniter->handleRequest(NULL, Object(Config\Cache), false)
#4 D:\wamp64\www\wilmarcs\manage\index.php(37): CodeIgniter\CodeIgniter->run()
#5 {main}
ERROR - 2025-12-09 22:15:27 --> Unknown column 'stags' in 'field list'
CRITICAL - 2025-12-09 22:15:27 --> Call to a member function getResult() on bool
#0 D:\wamp64\www\wilmarcs\manage\app\Controllers\backend\Services.php(31): getTags('services', 'stags', 'sid')
#1 D:\wamp64\www\wilmarcs\manage\system\CodeIgniter.php(928): App\Controllers\Backend\Services->add()
#2 D:\wamp64\www\wilmarcs\manage\system\CodeIgniter.php(436): CodeIgniter\CodeIgniter->runController(Object(App\Controllers\Backend\Services))
#3 D:\wamp64\www\wilmarcs\manage\system\CodeIgniter.php(336): CodeIgniter\CodeIgniter->handleRequest(NULL, Object(Config\Cache), false)
#4 D:\wamp64\www\wilmarcs\manage\index.php(37): CodeIgniter\CodeIgniter->run()
#5 {main}
CRITICAL - 2025-12-09 22:15:38 --> Call to undefined function App\Controllers\Backend\getTags()
#0 D:\wamp64\www\wilmarcs\manage\system\CodeIgniter.php(928): App\Controllers\Backend\Services->add()
#1 D:\wamp64\www\wilmarcs\manage\system\CodeIgniter.php(436): CodeIgniter\CodeIgniter->runController(Object(App\Controllers\Backend\Services))
#2 D:\wamp64\www\wilmarcs\manage\system\CodeIgniter.php(336): CodeIgniter\CodeIgniter->handleRequest(NULL, Object(Config\Cache), false)
#3 D:\wamp64\www\wilmarcs\manage\index.php(37): CodeIgniter\CodeIgniter->run()
#4 {main}
ERROR - 2025-12-09 22:15:41 --> Unknown column 'stags' in 'field list'
CRITICAL - 2025-12-09 22:15:41 --> Call to a member function getResult() on bool
#0 D:\wamp64\www\wilmarcs\manage\app\Controllers\backend\Services.php(31): getTags('services', 'stags', 'sid')
#1 D:\wamp64\www\wilmarcs\manage\system\CodeIgniter.php(928): App\Controllers\Backend\Services->add()
#2 D:\wamp64\www\wilmarcs\manage\system\CodeIgniter.php(436): CodeIgniter\CodeIgniter->runController(Object(App\Controllers\Backend\Services))
#3 D:\wamp64\www\wilmarcs\manage\system\CodeIgniter.php(336): CodeIgniter\CodeIgniter->handleRequest(NULL, Object(Config\Cache), false)
#4 D:\wamp64\www\wilmarcs\manage\index.php(37): CodeIgniter\CodeIgniter->run()
#5 {main}
CRITICAL - 2025-12-09 22:15:47 --> Undefined variable $tags
#0 D:\wamp64\www\wilmarcs\manage\app\Views\admin\services\add.php(25): CodeIgniter\Debug\Exceptions->errorHandler(2, 'Undefined varia...', 'D:\\wamp64\\www\\w...', 25)
#1 D:\wamp64\www\wilmarcs\manage\system\View\View.php(230): include('D:\\wamp64\\www\\w...')
#2 D:\wamp64\www\wilmarcs\manage\system\View\View.php(232): CodeIgniter\View\View->CodeIgniter\View\{closure}()
#3 D:\wamp64\www\wilmarcs\manage\system\Common.php(1271): CodeIgniter\View\View->render('admin/services/...', Array, true)
#4 D:\wamp64\www\wilmarcs\manage\app\Controllers\backend\Services.php(130): view('admin/services/...', Array)
#5 D:\wamp64\www\wilmarcs\manage\system\CodeIgniter.php(928): App\Controllers\Backend\Services->add()
#6 D:\wamp64\www\wilmarcs\manage\system\CodeIgniter.php(436): CodeIgniter\CodeIgniter->runController(Object(App\Controllers\Backend\Services))
#7 D:\wamp64\www\wilmarcs\manage\system\CodeIgniter.php(336): CodeIgniter\CodeIgniter->handleRequest(NULL, Object(Config\Cache), false)
#8 D:\wamp64\www\wilmarcs\manage\index.php(37): CodeIgniter\CodeIgniter->run()
#9 {main}
CRITICAL - 2025-12-09 22:16:09 --> Undefined variable $tags
#0 D:\wamp64\www\wilmarcs\manage\app\Views\admin\services\add.php(25): CodeIgniter\Debug\Exceptions->errorHandler(2, 'Undefined varia...', 'D:\\wamp64\\www\\w...', 25)
#1 D:\wamp64\www\wilmarcs\manage\system\View\View.php(230): include('D:\\wamp64\\www\\w...')
#2 D:\wamp64\www\wilmarcs\manage\system\View\View.php(232): CodeIgniter\View\View->CodeIgniter\View\{closure}()
#3 D:\wamp64\www\wilmarcs\manage\system\Common.php(1271): CodeIgniter\View\View->render('admin/services/...', Array, true)
#4 D:\wamp64\www\wilmarcs\manage\app\Controllers\backend\Services.php(130): view('admin/services/...', Array)
#5 D:\wamp64\www\wilmarcs\manage\system\CodeIgniter.php(928): App\Controllers\Backend\Services->add()
#6 D:\wamp64\www\wilmarcs\manage\system\CodeIgniter.php(436): CodeIgniter\CodeIgniter->runController(Object(App\Controllers\Backend\Services))
#7 D:\wamp64\www\wilmarcs\manage\system\CodeIgniter.php(336): CodeIgniter\CodeIgniter->handleRequest(NULL, Object(Config\Cache), false)
#8 D:\wamp64\www\wilmarcs\manage\index.php(37): CodeIgniter\CodeIgniter->run()
#9 {main}
ERROR - 2025-12-09 22:41:29 --> Unknown column 'ptags' in 'field list'
CRITICAL - 2025-12-09 22:41:29 --> Call to a member function getResult() on bool
#0 D:\wamp64\www\wilmarcs\manage\app\Controllers\backend\Portfolio.php(32): getTags('portfolio', 'ptags', 'pid')
#1 D:\wamp64\www\wilmarcs\manage\system\CodeIgniter.php(928): App\Controllers\Backend\Portfolio->add()
#2 D:\wamp64\www\wilmarcs\manage\system\CodeIgniter.php(436): CodeIgniter\CodeIgniter->runController(Object(App\Controllers\Backend\Portfolio))
#3 D:\wamp64\www\wilmarcs\manage\system\CodeIgniter.php(336): CodeIgniter\CodeIgniter->handleRequest(NULL, Object(Config\Cache), false)
#4 D:\wamp64\www\wilmarcs\manage\index.php(37): CodeIgniter\CodeIgniter->run()
#5 {main}
ERROR - 2025-12-09 22:43:03 --> Unknown column 'fksid' in 'field list'
ERROR - 2025-12-09 22:47:54 --> Unknown column 'blid' in 'field list'
CRITICAL - 2025-12-09 22:47:54 --> Call to a member function getResult() on bool
#0 D:\wamp64\www\wilmarcs\manage\app\Controllers\backend\Blog.php(32): getTags('blog', 'btags', 'blid')
#1 D:\wamp64\www\wilmarcs\manage\system\CodeIgniter.php(928): App\Controllers\Backend\Blog->add()
#2 D:\wamp64\www\wilmarcs\manage\system\CodeIgniter.php(436): CodeIgniter\CodeIgniter->runController(Object(App\Controllers\Backend\Blog))
#3 D:\wamp64\www\wilmarcs\manage\system\CodeIgniter.php(336): CodeIgniter\CodeIgniter->handleRequest(NULL, Object(Config\Cache), false)
#4 D:\wamp64\www\wilmarcs\manage\index.php(37): CodeIgniter\CodeIgniter->run()
#5 {main}
ERROR - 2025-12-09 22:50:40 --> Unknown column 'blslug' in 'where clause'
ERROR - 2025-12-09 22:50:40 --> Unknown column 'bltitle' in 'field list'
ERROR - 2025-12-09 22:51:50 --> Unknown column 'excerpt' in 'field list'
ERROR - 2025-12-09 22:54:25 --> Unknown column 'excerpt' in 'field list'
